The system is: Windows - 10.0.22000 - AMD64
Compiling the C compiler identification source file "CMakeCCompilerId.c" succeeded.
Compiler: C:/Program Files/Microsoft Visual Studio/2022/Community/VC/Tools/MSVC/14.30.30705/bin/Hostx86/x86/cl.exe 
Build flags: 
Id flags:  

The output was:
0
Оптимизирующий компилятор Microsoft (R) C/C++ версии 19.30.30705 для x86
(C) Корпорация Майкрософт (Microsoft Corporation).  Все права защищены.

CMakeCCompilerId.c
Microsoft (R) Incremental Linker Version 14.30.30705.0
Copyright (C) Microsoft Corporation.  All rights reserved.

/out:CMakeCCompilerId.exe 
CMakeCCompilerId.obj 


Compilation of the C compiler identification source "CMakeCCompilerId.c" produced "CMakeCCompilerId.exe"

Compilation of the C compiler identification source "CMakeCCompilerId.c" produced "CMakeCCompilerId.obj"

The C compiler identification is MSVC, found in "C:/Users/Dima/CLionProjects/untitled122/cmake-build-debug/CMakeFiles/3.21.1/CompilerIdC/CMakeCCompilerId.exe"

Detecting C compiler ABI info compiled with the following output:
Change Dir: C:/Users/Dima/CLionProjects/untitled122/cmake-build-debug/CMakeFiles/CMakeTmp

Run Build Command(s):C:/Users/Dima/AppData/Local/JetBrains/Toolbox/apps/CLion/ch-0/213.6777.58/bin/ninja/win/ninja.exe cmTC_f8357 && [1/2] Building C object CMakeFiles\cmTC_f8357.dir\CMakeCCompilerABI.c.obj
Примечание: включение файла:  C:\Users\Dima\AppData\Local\JetBrains\Toolbox\apps\CLion\ch-0\213.6777.58\bin\cmake\win\share\cmake-3.21\Modules\CMakeCompilerABI.h
[2/2] Linking C executable cmTC_f8357.exe



